clang -g -O1 -S -fno-slp-vectorize -fno-vectorize -fno-unroll-loops -fno-inline -emit-llvm -o wtime.ll wtime.c
clang -g -O1 -S -fno-slp-vectorize -fno-vectorize -fno-unroll-loops -fno-inline -emit-llvm -o randdp.ll randdp.c
clang -g -O1 -S -fno-slp-vectorize -fno-vectorize -fno-unroll-loops -fno-inline -emit-llvm -o print_results.ll print_results.c
clang -g -O1 -S -fno-slp-vectorize -fno-vectorize -fno-unroll-loops -fno-inline -emit-llvm -o c_timers.ll c_timers.c
clang -g -O1 -S -fno-slp-vectorize -fno-vectorize -fno-unroll-loops -fno-inline -emit-llvm -o cg.ll cg.c
opt -disable-inlining -S -load=/home/jingl/LLVM_Tracer_Work_Station/LLVM-Tracer/full-trace/full_trace.so -fulltrace cg.ll -o cg-opt.ll
LLVM-Tracer is instrumenting this workload in top-level mode.
Tracking function: main
Tracking function: main
Tracking function: main
Tracking function: main
Tracking function: main
Tracking function: main
Tracking function: main
Tracking function: main
Tracking function: main
Tracking function: main
Tracking function: main
Tracking function: main
Tracking function: main
Tracking function: main
Tracking function: main
Tracking function: main
Tracking function: main
Tracking function: main
Tracking function: main
Tracking function: main
Tracking function: main
Tracking function: main
Tracking function: main
Tracking function: main
Tracking function: main
Tracking function: main
Tracking function: main
Tracking function: main
Tracking function: main
Tracking function: main
Tracking function: main
Tracking function: main
Tracking function: main
Tracking function: main
Tracking function: main
Tracking function: makea
Tracking function: makea
Tracking function: makea
Tracking function: makea
Tracking function: makea
Tracking function: makea
Tracking function: makea
Tracking function: makea
Tracking function: makea
Tracking function: grad_conj
Tracking function: grad_conj
Tracking function: grad_conj
Tracking function: grad_conj
Tracking function: grad_conj
Tracking function: grad_conj
Tracking function: grad_conj
Tracking function: grad_conj
Tracking function: grad_conj
Tracking function: grad_conj
Tracking function: grad_conj
Tracking function: grad_conj
Tracking function: grad_conj
Tracking function: grad_conj
Tracking function: grad_conj
Tracking function: grad_conj
Tracking function: grad_conj
Tracking function: grad_conj
Tracking function: grad_conj
Tracking function: grad_conj
Tracking function: grad_conj
Tracking function: grad_conj
Tracking function: grad_conj
Tracking function: conj_grad
Tracking function: conj_grad
Tracking function: conj_grad
Tracking function: conj_grad
Tracking function: conj_grad
Tracking function: conj_grad
Tracking function: conj_grad
Tracking function: conj_grad
Tracking function: conj_grad
Tracking function: conj_grad
Tracking function: conj_grad
Tracking function: conj_grad
Tracking function: conj_grad
Tracking function: conj_grad
Tracking function: conj_grad
Tracking function: conj_grad
Tracking function: conj_grad
Tracking function: conj_grad
Tracking function: conj_grad
Tracking function: conj_grad
Tracking function: conj_grad
Tracking function: conj_grad
Tracking function: conj_grad
Tracking function: sprnvc
Tracking function: sprnvc
Tracking function: sprnvc
Tracking function: sprnvc
Tracking function: sprnvc
Tracking function: sprnvc
Tracking function: sprnvc
Tracking function: sprnvc
Tracking function: vecset
Tracking function: vecset
Tracking function: vecset
Tracking function: vecset
Tracking function: vecset
Tracking function: vecset
Tracking function: vecset
Tracking function: vecset
Tracking function: sparse
Tracking function: sparse
Tracking function: sparse
Tracking function: sparse
Tracking function: sparse
Tracking function: sparse
Tracking function: sparse
Tracking function: sparse
Tracking function: sparse
Tracking function: sparse
Tracking function: sparse
Tracking function: sparse
Tracking function: sparse
Tracking function: sparse
Tracking function: sparse
Tracking function: sparse
Tracking function: sparse
Tracking function: sparse
Tracking function: sparse
Tracking function: sparse
Tracking function: sparse
Tracking function: sparse
Tracking function: sparse
Tracking function: sparse
Tracking function: sparse
Tracking function: sparse
Tracking function: sparse
Tracking function: sparse
Tracking function: sparse
Tracking function: sparse
Tracking function: sparse
Tracking function: sparse
Tracking function: sparse
Tracking function: sparse
Tracking function: sparse
Tracking function: sparse
Tracking function: sparse
Tracking function: sparse
Tracking function: sparse
Tracking function: sparse
Tracking function: sparse
Tracking function: sparse
Tracking function: sparse
Tracking function: sparse
Tracking function: sparse
Tracking function: sparse
Tracking function: sparse
Tracking function: sparse
Tracking function: sparse
Tracking function: sparse
Tracking function: sparse
Tracking function: sparse
Tracking function: sparse
Tracking function: sparse
Tracking function: icnvrt
llvm-link -o full.ll wtime.ll randdp.ll print_results.ll c_timers.ll cg-opt.ll /home/jingl/LLVM_Tracer_Work_Station/LLVM-Tracer/profile-func/trace_logger.llvm
WARNING: Linking two modules of different target triples: /home/jingl/LLVM_Tracer_Work_Station/LLVM-Tracer/profile-func/trace_logger.llvm: 'x86_64-unknown-linux-gnu' and 'x86_64-pc-linux-gnu'
llc -filetype=asm -o full.s full.ll
gcc -fno-inline full.s -lm -lz -o cg-instrumented
./cg-instrumented


 NAS Parallel Benchmarks (NPB3.3-SER-C) - CG Benchmark

 Size:        1400
 Iterations:    15

 Initialization time =           1.580 seconds

   iteration           ||r||                 zeta
        1       1.35593142916122E-13     9.9986441579140
        2       2.09680228758112E-15     8.5733279203222
        3       2.12201395307039E-15     8.5954510374058
        4       1.92649954372501E-15     8.5969972340737
        5       1.91498672651146E-15     8.5971549151767
        6       2.02653471501963E-15     8.5971744311608
        7       1.88965047355730E-15     8.5971770704913
        8       1.97578335517621E-15     8.5971774440630
        9       2.04443457405903E-15     8.5971774983942
       10       1.86599240494722E-15     8.5971775064409
       11       1.82467679229453E-15     8.5971775076486
       12       1.97521034018698E-15     8.5971775078318
       13       1.91118246534362E-15     8.5971775078598
       14       1.84216619477009E-15     8.5971775078641
       15       1.81459990880741E-15     8.5971775078648
 Benchmark completed
 VERIFICATION SUCCESSFUL
 Zeta is     8.5971775078648E+00
 Error is    1.0331046659065E-15


 CG Benchmark Completed.
 Class           =                        S
 Size            =                     1400
 Iterations      =                       15
 Time in seconds =                     6.15
 Mop/s total     =                    10.83
 Operation type  =           floating point
 Verification    =               SUCCESSFUL
 Version         =                    3.3.1
 Compile date    =              09 Mar 2016

 Compile options:
    CC           = gcc
    CLINK        = $(CC)
    C_LIB        = -lm
    C_INC        = -I../common
    CFLAGS       = -g -Wall -O3 -mcmodel=medium
    CLINKFLAGS   = -O3 -mcmodel=medium
    RAND         = randdp

--------------------------------------
 Please send all errors/feedbacks to:
 Center for Manycore Programming
 cmp@aces.snu.ac.kr
 http://aces.snu.ac.kr
--------------------------------------

